2024-02-12 19:37:59,259 ERROR    root            (gcloud) Command name argument expected.
2024-02-12 19:37:59,261 DEBUG    root            No implementation for release track [GA] for element: [/tools/google-cloud-sdk/lib/surface/authz_toolkit]
2024-02-12 19:37:59,263 DEBUG    root            Loaded Command Group: ['gcloud', 'bms']
2024-02-12 19:37:59,273 DEBUG    root            Loaded Command Group: ['gcloud', 'iap']
2024-02-12 19:37:59,279 DEBUG    root            Loaded Command Group: ['gcloud', 'services']
2024-02-12 19:37:59,287 DEBUG    root            No implementation for release track [GA] for element: [/tools/google-cloud-sdk/lib/surface/datapipelines]
2024-02-12 19:37:59,289 DEBUG    root            No implementation for release track [GA] for element: [/tools/google-cloud-sdk/lib/surface/remote_build_execution]
2024-02-12 19:37:59,291 DEBUG    root            Loaded Command Group: ['gcloud', 'backup_dr']
2024-02-12 19:37:59,296 DEBUG    root            Loaded Command Group: ['gcloud', 'assured']
2024-02-12 19:37:59,300 DEBUG    root            Loaded Command Group: ['gcloud', 'firestore']
2024-02-12 19:37:59,328 DEBUG    root            No implementation for release track [GA] for element: [/tools/google-cloud-sdk/lib/surface/code]
2024-02-12 19:37:59,330 DEBUG    root            Loaded Command Group: ['gcloud', 'edge_cache']
2024-02-12 19:37:59,340 DEBUG    root            Loaded Command Group: ['gcloud', 'feedback']
2024-02-12 19:37:59,344 DEBUG    root            No implementation for release track [GA] for element: [/tools/google-cloud-sdk/lib/surface/mps]
2024-02-12 19:37:59,346 DEBUG    root            Loaded Command Group: ['gcloud', 'info']
2024-02-12 19:37:59,350 DEBUG    root            Loaded Command Group: ['gcloud', 'anthos']
2024-02-12 19:37:59,354 DEBUG    root            No implementation for release track [GA] for element: [/tools/google-cloud-sdk/lib/surface/orglifecycle]
2024-02-12 19:37:59,356 DEBUG    root            Loaded Command Group: ['gcloud', 'logging']
2024-02-12 19:37:59,365 DEBUG    root            No implementation for release track [GA] for element: [/tools/google-cloud-sdk/lib/surface/migration]
2024-02-12 19:37:59,368 DEBUG    root            Loaded Command Group: ['gcloud', 'bigtable']
2024-02-12 19:37:59,375 DEBUG    root            Loaded Command Group: ['gcloud', 'ids']
2024-02-12 19:37:59,379 DEBUG    root            Loaded Command Group: ['gcloud', 'policy_troubleshoot']
2024-02-12 19:37:59,383 DEBUG    root            Loaded Command Group: ['gcloud', 'resource_settings']
2024-02-12 19:37:59,387 DEBUG    root            No implementation for release track [GA] for element: [/tools/google-cloud-sdk/lib/surface/parallelstore]
2024-02-12 19:37:59,389 DEBUG    root            Loaded Command Group: ['gcloud', 'telco_automation']
2024-02-12 19:37:59,394 DEBUG    root            Loaded Command Group: ['gcloud', 'dns']
2024-02-12 19:37:59,402 DEBUG    root            Loaded Command Group: ['gcloud', 'resource_manager']
2024-02-12 19:37:59,409 DEBUG    root            Loaded Command Group: ['gcloud', 'workbench']
2024-02-12 19:37:59,412 DEBUG    root            Loaded Command Group: ['gcloud', 'cheat_sheet']
2024-02-12 19:37:59,415 DEBUG    root            Loaded Command Group: ['gcloud', 'edge_cloud']
2024-02-12 19:37:59,419 DEBUG    root            No implementation for release track [GA] for element: [/tools/google-cloud-sdk/lib/surface/service_extensions]
2024-02-12 19:37:59,481 DEBUG    root            Loaded Command Group: ['gcloud', 'ai_platform']
2024-02-12 19:37:59,489 DEBUG    root            Loaded Command Group: ['gcloud', 'filestore']
2024-02-12 19:37:59,496 DEBUG    root            No implementation for release track [GA] for element: [/tools/google-cloud-sdk/lib/surface/fault_injection]
2024-02-12 19:37:59,498 DEBUG    root            No implementation for release track [GA] for element: [/tools/google-cloud-sdk/lib/surface/commerce_procurement]
2024-02-12 19:37:59,499 DEBUG    root            Loaded Command Group: ['gcloud', 'ml']
2024-02-12 19:37:59,506 DEBUG    root            Loaded Command Group: ['gcloud', 'unlock']
2024-02-12 19:37:59,509 DEBUG    root            No implementation for release track [GA] for element: [/tools/google-cloud-sdk/lib/surface/dlp]
2024-02-12 19:37:59,511 DEBUG    root            Loaded Command Group: ['gcloud', 'asset']
2024-02-12 19:37:59,516 DEBUG    root            Loaded Command Group: ['gcloud', 'scc']
2024-02-12 19:37:59,529 DEBUG    root            Loaded Command Group: ['gcloud', 'apigee']
2024-02-12 19:37:59,536 DEBUG    root            Loaded Command Group: ['gcloud', 'deploy']
2024-02-12 19:37:59,542 DEBUG    root            No implementation for release track [GA] for element: [/tools/google-cloud-sdk/lib/surface/blockchain_node_engine]
2024-02-12 19:37:59,544 DEBUG    root            No implementation for release track [GA] for element: [/tools/google-cloud-sdk/lib/surface/web_security_scanner]
2024-02-12 19:37:59,547 DEBUG    root            Loaded Command Group: ['gcloud', 'composer']
2024-02-12 19:37:59,551 DEBUG    root            Loaded Command Group: ['gcloud', 'certificate_manager']
2024-02-12 19:37:59,559 DEBUG    root            Loaded Command Group: ['gcloud', 'init']
2024-02-12 19:37:59,561 DEBUG    root            Loaded Command Group: ['gcloud', 'database_migration']
2024-02-12 19:37:59,567 DEBUG    root            Loaded Command Group: ['gcloud', 'network_connectivity']
2024-02-12 19:37:59,574 DEBUG    root            Loaded Command Group: ['gcloud', 'network_services']
2024-02-12 19:37:59,585 DEBUG    root            Loaded Command Group: ['gcloud', 'scheduler']
2024-02-12 19:37:59,589 DEBUG    root            Loaded Command Group: ['gcloud', 'run']
2024-02-12 19:37:59,596 DEBUG    root            No implementation for release track [GA] for element: [/tools/google-cloud-sdk/lib/surface/audit_manager]
2024-02-12 19:37:59,600 DEBUG    root            Loaded Command Group: ['gcloud', 'spanner']
2024-02-12 19:37:59,608 DEBUG    root            Loaded Command Group: ['gcloud', 'auth']
2024-02-12 19:37:59,614 DEBUG    root            Loaded Command Group: ['gcloud', 'api_gateway']
2024-02-12 19:37:59,627 DEBUG    root            Loaded Command Group: ['gcloud', 'survey']
2024-02-12 19:37:59,696 DEBUG    root            Loaded Command Group: ['gcloud', 'compute']
2024-02-12 19:37:59,747 DEBUG    root            No implementation for release track [GA] for element: [/tools/google-cloud-sdk/lib/surface/terraform]
2024-02-12 19:37:59,750 DEBUG    root            Loaded Command Group: ['gcloud', 'service_directory']
2024-02-12 19:37:59,756 DEBUG    root            No implementation for release track [GA] for element: [/tools/google-cloud-sdk/lib/surface/media]
2024-02-12 19:37:59,757 DEBUG    root            Loaded Command Group: ['gcloud', 'access_context_manager']
2024-02-12 19:37:59,764 DEBUG    root            Loaded Command Group: ['gcloud', 'network_security']
2024-02-12 19:37:59,776 DEBUG    root            Loaded Command Group: ['gcloud', 'active_directory']
2024-02-12 19:37:59,781 DEBUG    root            Loaded Command Group: ['gcloud', 'version']
2024-02-12 19:37:59,783 DEBUG    root            Loaded Command Group: ['gcloud', 'organizations']
2024-02-12 19:37:59,786 DEBUG    root            Loaded Command Group: ['gcloud', 'deployment_manager']
2024-02-12 19:37:59,789 DEBUG    root            Loaded Command Group: ['gcloud', 'datastore']
2024-02-12 19:37:59,794 DEBUG    root            Loaded Command Group: ['gcloud', 'memcache']
2024-02-12 19:37:59,799 DEBUG    root            Loaded Command Group: ['gcloud', 'policy_intelligence']
2024-02-12 19:37:59,803 DEBUG    root            Loaded Command Group: ['gcloud', 'firebase']
2024-02-12 19:37:59,806 DEBUG    root            Loaded Command Group: ['gcloud', 'dataproc']
2024-02-12 19:37:59,818 DEBUG    root            Loaded Command Group: ['gcloud', 'netapp']
2024-02-12 19:37:59,826 DEBUG    root            Loaded Command Group: ['gcloud', 'identity']
2024-02-12 19:37:59,836 DEBUG    root            No implementation for release track [GA] for element: [/tools/google-cloud-sdk/lib/surface/stacks]
2024-02-12 19:37:59,840 DEBUG    root            Loaded Command Group: ['gcloud', 'config']
2024-02-12 19:37:59,924 DEBUG    root            Loaded Command Group: ['gcloud', 'storage']
2024-02-12 19:38:00,019 DEBUG    root            Loaded Command Group: ['gcloud', 'builds']
2024-02-12 19:38:00,027 DEBUG    root            Loaded Command Group: ['gcloud', 'recommender']
2024-02-12 19:38:00,034 DEBUG    root            No implementation for release track [GA] for element: [/tools/google-cloud-sdk/lib/surface/trace]
2024-02-12 19:38:00,035 DEBUG    root            Loaded Command Group: ['gcloud', 'privateca']
2024-02-12 19:38:00,041 DEBUG    root            Loaded Command Group: ['gcloud', 'workflows']
2024-02-12 19:38:00,044 DEBUG    root            Loaded Command Group: ['gcloud', 'endpoints']
2024-02-12 19:38:00,052 DEBUG    root            Loaded Command Group: ['gcloud', 'docker']
2024-02-12 19:38:00,054 DEBUG    root            Loaded Command Group: ['gcloud', 'workspace_add_ons']
2024-02-12 19:38:00,057 DEBUG    root            Loaded Command Group: ['gcloud', 'network_management']
2024-02-12 19:38:00,062 DEBUG    root            Loaded Command Group: ['gcloud', 'healthcare']
2024-02-12 19:38:00,069 DEBUG    root            Loaded Command Group: ['gcloud', 'app']
2024-02-12 19:38:00,077 DEBUG    root            Loaded Command Group: ['gcloud', 'org_policies']
2024-02-12 19:38:00,080 DEBUG    root            Loaded Command Group: ['gcloud', 'sql']
2024-02-12 19:38:00,083 DEBUG    root            No implementation for release track [GA] for element: [/tools/google-cloud-sdk/lib/surface/lifesciences]
2024-02-12 19:38:00,085 DEBUG    root            Loaded Command Group: ['gcloud', 'redis']
2024-02-12 19:38:00,091 DEBUG    root            Loaded Command Group: ['gcloud', 'eventarc']
2024-02-12 19:38:00,099 DEBUG    root            Loaded Command Group: ['gcloud', 'iam']
2024-02-12 19:38:00,107 DEBUG    root            Loaded Command Group: ['gcloud', 'projects']
2024-02-12 19:38:00,110 DEBUG    root            No implementation for release track [GA] for element: [/tools/google-cloud-sdk/lib/surface/beyondcorp]
2024-02-12 19:38:00,112 DEBUG    root            Loaded Command Group: ['gcloud', 'secrets']
2024-02-12 19:38:00,116 DEBUG    root            Loaded Command Group: ['gcloud', 'cloud_shell']
2024-02-12 19:38:00,119 DEBUG    root            No implementation for release track [GA] for element: [/tools/google-cloud-sdk/lib/surface/dialogflow]
2024-02-12 19:38:00,121 DEBUG    root            Loaded Command Group: ['gcloud', 'transcoder']
2024-02-12 19:38:00,125 DEBUG    root            No implementation for release track [GA] for element: [/tools/google-cloud-sdk/lib/surface/apphub]
2024-02-12 19:38:00,126 DEBUG    root            Loaded Command Group: ['gcloud', 'billing']
2024-02-12 19:38:00,131 DEBUG    root            Loaded Command Group: ['gcloud', 'monitoring']
2024-02-12 19:38:00,138 DEBUG    root            Loaded Command Group: ['gcloud', 'topic']
2024-02-12 19:38:00,141 DEBUG    root            No implementation for release track [GA] for element: [/tools/google-cloud-sdk/lib/surface/error_reporting]
2024-02-12 19:38:00,141 DEBUG    root            Loaded Command Group: ['gcloud', 'access_approval']
2024-02-12 19:38:00,144 DEBUG    root            No implementation for release track [GA] for element: [/tools/google-cloud-sdk/lib/surface/dataproc_gdc]
2024-02-12 19:38:00,146 DEBUG    root            Loaded Command Group: ['gcloud', 'kms']
2024-02-12 19:38:00,152 DEBUG    root            Loaded Command Group: ['gcloud', 'dataflow']
2024-02-12 19:38:00,160 DEBUG    root            Loaded Command Group: ['gcloud', 'components']
2024-02-12 19:38:00,164 DEBUG    root            No implementation for release track [GA] for element: [/tools/google-cloud-sdk/lib/surface/spectrum_access]
2024-02-12 19:38:00,164 DEBUG    root            Loaded Command Group: ['gcloud', 'ml_engine']
2024-02-12 19:38:00,167 DEBUG    root            No implementation for release track [GA] for element: [/tools/google-cloud-sdk/lib/surface/quotas]
2024-02-12 19:38:00,169 DEBUG    root            No implementation for release track [GA] for element: [/tools/google-cloud-sdk/lib/surface/source_manager]
2024-02-12 19:38:00,171 DEBUG    root            Loaded Command Group: ['gcloud', 'notebooks']
2024-02-12 19:38:00,176 DEBUG    root            Loaded Command Group: ['gcloud', 'dataplex']
2024-02-12 19:38:00,186 DEBUG    root            Loaded Command Group: ['gcloud', 'source']
2024-02-12 19:38:00,189 DEBUG    root            Loaded Command Group: ['gcloud', 'vmware']
2024-02-12 19:38:00,196 DEBUG    root            Loaded Command Group: ['gcloud', 'looker']
2024-02-12 19:38:00,201 DEBUG    root            Loaded Command Group: ['gcloud', 'workstations']
2024-02-12 19:38:00,205 DEBUG    root            Loaded Command Group: ['gcloud', 'iot']
2024-02-12 19:38:00,210 DEBUG    root            Loaded Command Group: ['gcloud', 'datastream']
2024-02-12 19:38:00,215 DEBUG    root            Loaded Command Group: ['gcloud', 'meta']
2024-02-12 19:38:00,224 DEBUG    root            No implementation for release track [GA] for element: [/tools/google-cloud-sdk/lib/surface/runtime_config]
2024-02-12 19:38:00,226 DEBUG    root            Loaded Command Group: ['gcloud', 'alloydb']
2024-02-12 19:38:00,231 DEBUG    root            No implementation for release track [GA] for element: [/tools/google-cloud-sdk/lib/surface/kuberun]
2024-02-12 19:38:00,233 DEBUG    root            Loaded Command Group: ['gcloud', 'pubsub']
2024-02-12 19:38:00,240 DEBUG    root            No implementation for release track [GA] for element: [/tools/google-cloud-sdk/lib/surface/genomics]
2024-02-12 19:38:00,357 DEBUG    root            No implementation for release track [GA] for element: [/tools/google-cloud-sdk/lib/surface/interactive]
2024-02-12 19:38:00,359 DEBUG    root            No implementation for release track [GA] for element: [/tools/google-cloud-sdk/lib/surface/bq]
2024-02-12 19:38:00,367 DEBUG    root            Loaded Command Group: ['gcloud', 'functions']
2024-02-12 19:38:00,374 DEBUG    root            No implementation for release track [GA] for element: [/tools/google-cloud-sdk/lib/surface/resource_config]
2024-02-12 19:38:00,377 DEBUG    root            Loaded Command Group: ['gcloud', 'emulators']
2024-02-12 19:38:00,383 DEBUG    root            Loaded Command Group: ['gcloud', 'domains']
2024-02-12 19:38:00,388 DEBUG    root            No implementation for release track [GA] for element: [/tools/google-cloud-sdk/lib/surface/data_fusion]
2024-02-12 19:38:00,396 DEBUG    root            Loaded Command Group: ['gcloud', 'help']
2024-02-12 19:38:00,400 DEBUG    root            Loaded Command Group: ['gcloud', 'data_catalog']
2024-02-12 19:38:00,408 DEBUG    root            Loaded Command Group: ['gcloud', 'immersive_stream']
2024-02-12 19:38:00,413 DEBUG    root            Loaded Command Group: ['gcloud', 'recaptcha']
2024-02-12 19:38:00,418 DEBUG    root            Loaded Command Group: ['gcloud', 'tasks']
2024-02-12 19:38:00,422 DEBUG    root            No implementation for release track [GA] for element: [/tools/google-cloud-sdk/lib/surface/cbrs_spectrum_access]
2024-02-12 19:38:00,424 DEBUG    root            Loaded Command Group: ['gcloud', 'ai']
2024-02-12 19:38:00,433 DEBUG    root            Loaded Command Group: ['gcloud', 'batch']
2024-02-12 19:38:00,437 DEBUG    root            Loaded Command Group: ['gcloud', 'infra_manager']
2024-02-12 19:38:00,442 DEBUG    root            No implementation for release track [GA] for element: [/tools/google-cloud-sdk/lib/surface/microservices]
2024-02-12 19:38:00,444 DEBUG    root            Loaded Command Group: ['gcloud', 'transfer']
2024-02-12 19:38:00,448 DEBUG    root            Loaded Command Group: ['gcloud', 'artifacts']
2024-02-12 19:38:00,462 DEBUG    root            Loaded Command Group: ['gcloud', 'publicca']
2024-02-12 19:38:00,466 DEBUG    root            Loaded Command Group: ['gcloud', 'metastore']
2024-02-12 19:38:00,471 DEBUG    root            Loaded Command Group: ['gcloud', 'essential_contacts']
2024-02-12 19:38:00,473 DEBUG    root            Chosen display Format:table[no-heading,margin=6,width=80]([0]:label='':align=left:width=22,[1]:label='':align=left:wrap)
2024-02-12 19:38:00,475 DEBUG    root            Chosen display Format:table[no-heading,margin=6,width=80]([0]:label='':align=left:width=22,[1]:label='':align=left:wrap)
2024-02-12 19:38:00,477 DEBUG    root            Chosen display Format:table[no-heading,margin=6,width=80]([0]:label='':align=left:width=22,[1]:label='':align=left:wrap)
2024-02-12 19:38:00,478 DEBUG    root            Chosen display Format:table[no-heading,margin=6,width=80]([0]:label='':align=left:width=22,[1]:label='':align=left:wrap)
2024-02-12 19:38:00,478 DEBUG    root            Chosen display Format:table[no-heading,margin=6,width=80]([0]:label='':align=left:width=22,[1]:label='':align=left:wrap)
2024-02-12 19:38:00,479 DEBUG    root            Chosen display Format:table[no-heading,margin=6,width=80]([0]:label='':align=left:width=22,[1]:label='':align=left:wrap)
2024-02-12 19:38:00,480 DEBUG    root            Chosen display Format:table[no-heading,margin=6,width=80]([0]:label='':align=left:width=22,[1]:label='':align=left:wrap)
2024-02-12 19:38:00,482 DEBUG    root            Chosen display Format:table[no-heading,margin=6,width=80]([0]:label='':align=left:width=22,[1]:label='':align=left:wrap)
2024-02-12 19:38:00,485 DEBUG    root            Chosen display Format:table[no-heading,margin=6,width=80]([0]:label='':align=left:width=22,[1]:label='':align=left:wrap)
2024-02-12 19:38:00,487 DEBUG    root            Chosen display Format:table[no-heading,margin=6,width=80]([0]:label='':align=left:width=22,[1]:label='':align=left:wrap)
2024-02-12 19:38:00,488 DEBUG    root            Chosen display Format:table[no-heading,margin=6,width=80]([0]:label='':align=left:width=22,[1]:label='':align=left:wrap)
2024-02-12 19:38:00,492 DEBUG    root            Chosen display Format:table[no-heading,margin=6,width=80]([0]:label='':align=left:width=22,[1]:label='':align=left:wrap)
2024-02-12 19:38:00,493 DEBUG    root            Chosen display Format:table[no-heading,margin=6,width=80]([0]:label='':align=left:width=22,[1]:label='':align=left:wrap)
2024-02-12 19:38:00,495 DEBUG    root            Chosen display Format:table[no-heading,margin=6,width=80]([0]:label='':align=left:width=22,[1]:label='':align=left:wrap)
2024-02-12 19:38:00,496 DEBUG    root            Chosen display Format:table[no-heading,margin=6,width=80]([0]:label='':align=left:width=22,[1]:label='':align=left:wrap)
2024-02-12 19:38:00,496 DEBUG    root            Chosen display Format:table[no-heading,margin=6,width=80]([0]:label='':align=left:width=22,[1]:label='':align=left:wrap)
2024-02-12 19:38:00,497 DEBUG    root            Chosen display Format:table[no-heading,margin=6,width=80]([0]:label='':align=left:width=22,[1]:label='':align=left:wrap)
2024-02-12 19:38:00,499 DEBUG    root            Chosen display Format:table[no-heading,margin=6,width=80]([0]:label='':align=left:width=22,[1]:label='':align=left:wrap)
2024-02-12 19:38:00,500 DEBUG    root            Chosen display Format:table[no-heading,margin=6,width=80]([0]:label='':align=left:width=22,[1]:label='':align=left:wrap)
2024-02-12 19:38:00,502 DEBUG    root            Chosen display Format:table[no-heading,margin=6,width=80]([0]:label='':align=left:width=22,[1]:label='':align=left:wrap)
2024-02-12 19:38:00,503 DEBUG    root            Chosen display Format:table[no-heading,margin=6,width=80]([0]:label='':align=left:width=22,[1]:label='':align=left:wrap)
2024-02-12 19:38:00,504 DEBUG    root            Chosen display Format:table[no-heading,margin=6,width=80]([0]:label='':align=left:width=22,[1]:label='':align=left:wrap)
2024-02-12 19:38:00,505 DEBUG    root            Chosen display Format:table[no-heading,margin=6,width=80]([0]:label='':align=left:width=22,[1]:label='':align=left:wrap)
2024-02-12 19:38:00,507 DEBUG    root            Chosen display Format:table[no-heading,margin=6,width=80]([0]:label='':align=left:width=22,[1]:label='':align=left:wrap)
2024-02-12 19:38:00,508 DEBUG    root            Chosen display Format:table[no-heading,margin=6,width=80]([0]:label='':align=left:width=22,[1]:label='':align=left:wrap)
2024-02-12 19:38:00,509 DEBUG    root            Chosen display Format:table[no-heading,margin=6,width=80]([0]:label='':align=left:width=22,[1]:label='':align=left:wrap)
2024-02-12 19:38:00,511 DEBUG    root            Chosen display Format:table[no-heading,margin=6,width=80]([0]:label='':align=left:width=22,[1]:label='':align=left:wrap)
