2024-02-12 19:50:06,262 DEBUG    root            No implementation for release track [GA] for element: [/tools/google-cloud-sdk/lib/surface/service_extensions]
2024-02-12 19:50:06,262 DEBUG    root            Loaded Command Group: ['gcloud', 'essential_contacts']
2024-02-12 19:50:06,264 DEBUG    root            Loaded Command Group: ['gcloud', 'memcache']
2024-02-12 19:50:06,266 DEBUG    root            Loaded Command Group: ['gcloud', 'services']
2024-02-12 19:50:06,271 DEBUG    root            Loaded Command Group: ['gcloud', 'feedback']
2024-02-12 19:50:06,273 DEBUG    root            No implementation for release track [GA] for element: [/tools/google-cloud-sdk/lib/surface/fault_injection]
2024-02-12 19:50:06,273 DEBUG    root            No implementation for release track [GA] for element: [/tools/google-cloud-sdk/lib/surface/terraform]
2024-02-12 19:50:06,274 DEBUG    root            Loaded Command Group: ['gcloud', 'datastore']
2024-02-12 19:50:06,276 DEBUG    root            No implementation for release track [GA] for element: [/tools/google-cloud-sdk/lib/surface/bq]
2024-02-12 19:50:06,279 DEBUG    root            Loaded Command Group: ['gcloud', 'init']
2024-02-12 19:50:06,282 DEBUG    root            Loaded Command Group: ['gcloud', 'recaptcha']
2024-02-12 19:50:06,284 DEBUG    root            No implementation for release track [GA] for element: [/tools/google-cloud-sdk/lib/surface/remote_build_execution]
2024-02-12 19:50:06,285 DEBUG    root            No implementation for release track [GA] for element: [/tools/google-cloud-sdk/lib/surface/dialogflow]
2024-02-12 19:50:06,285 DEBUG    root            Loaded Command Group: ['gcloud', 'topic']
2024-02-12 19:50:06,291 DEBUG    root            Loaded Command Group: ['gcloud', 'survey']
2024-02-12 19:50:06,293 DEBUG    root            No implementation for release track [GA] for element: [/tools/google-cloud-sdk/lib/surface/mps]
2024-02-12 19:50:06,294 DEBUG    root            No implementation for release track [GA] for element: [/tools/google-cloud-sdk/lib/surface/runtime_config]
2024-02-12 19:50:06,421 DEBUG    root            Loaded Command Group: ['gcloud', 'builds']
2024-02-12 19:50:06,423 DEBUG    root            Loaded Command Group: ['gcloud', 'service_directory']
2024-02-12 19:50:06,425 DEBUG    root            Loaded Command Group: ['gcloud', 'version']
2024-02-12 19:50:06,426 DEBUG    root            Loaded Command Group: ['gcloud', 'ai']
2024-02-12 19:50:06,427 DEBUG    root            Loaded Command Group: ['gcloud', 'alloydb']
2024-02-12 19:50:06,429 DEBUG    root            Loaded Command Group: ['gcloud', 'bms']
2024-02-12 19:50:06,430 DEBUG    root            Loaded Command Group: ['gcloud', 'workflows']
2024-02-12 19:50:06,431 DEBUG    root            Loaded Command Group: ['gcloud', 'network_management']
2024-02-12 19:50:06,433 DEBUG    root            Loaded Command Group: ['gcloud', 'docker']
2024-02-12 19:50:06,435 DEBUG    root            Loaded Command Group: ['gcloud', 'spanner']
2024-02-12 19:50:06,436 DEBUG    root            Loaded Command Group: ['gcloud', 'asset']
2024-02-12 19:50:06,437 DEBUG    root            No implementation for release track [GA] for element: [/tools/google-cloud-sdk/lib/surface/dataproc_gdc]
2024-02-12 19:50:06,438 DEBUG    root            No implementation for release track [GA] for element: [/tools/google-cloud-sdk/lib/surface/lifesciences]
2024-02-12 19:50:06,438 DEBUG    root            Loaded Command Group: ['gcloud', 'metastore']
2024-02-12 19:50:06,439 DEBUG    root            Loaded Command Group: ['gcloud', 'backup_dr']
2024-02-12 19:50:06,440 DEBUG    root            No implementation for release track [GA] for element: [/tools/google-cloud-sdk/lib/surface/apphub]
2024-02-12 19:50:06,441 DEBUG    root            No implementation for release track [GA] for element: [/tools/google-cloud-sdk/lib/surface/error_reporting]
2024-02-12 19:50:06,441 DEBUG    root            Loaded Command Group: ['gcloud', 'organizations']
2024-02-12 19:50:06,442 DEBUG    root            Loaded Command Group: ['gcloud', 'cheat_sheet']
2024-02-12 19:50:06,444 DEBUG    root            Loaded Command Group: ['gcloud', 'identity']
2024-02-12 19:50:06,445 DEBUG    root            No implementation for release track [GA] for element: [/tools/google-cloud-sdk/lib/surface/data_fusion]
2024-02-12 19:50:06,445 DEBUG    root            Loaded Command Group: ['gcloud', 'dns']
2024-02-12 19:50:06,447 DEBUG    root            Loaded Command Group: ['gcloud', 'config']
2024-02-12 19:50:06,449 DEBUG    root            No implementation for release track [GA] for element: [/tools/google-cloud-sdk/lib/surface/cbrs_spectrum_access]
2024-02-12 19:50:06,449 DEBUG    root            Loaded Command Group: ['gcloud', 'redis']
2024-02-12 19:50:06,452 DEBUG    root            No implementation for release track [GA] for element: [/tools/google-cloud-sdk/lib/surface/stacks]
2024-02-12 19:50:06,452 DEBUG    root            No implementation for release track [GA] for element: [/tools/google-cloud-sdk/lib/surface/microservices]
2024-02-12 19:50:06,452 DEBUG    root            Loaded Command Group: ['gcloud', 'dataplex']
2024-02-12 19:50:06,454 DEBUG    root            Loaded Command Group: ['gcloud', 'datastream']
2024-02-12 19:50:06,455 DEBUG    root            No implementation for release track [GA] for element: [/tools/google-cloud-sdk/lib/surface/migration]
2024-02-12 19:50:06,455 DEBUG    root            Loaded Command Group: ['gcloud', 'network_connectivity']
2024-02-12 19:50:06,457 DEBUG    root            Loaded Command Group: ['gcloud', 'unlock']
2024-02-12 19:50:06,458 DEBUG    root            Loaded Command Group: ['gcloud', 'composer']
2024-02-12 19:50:06,459 DEBUG    root            Loaded Command Group: ['gcloud', 'kms']
2024-02-12 19:50:06,461 DEBUG    root            Loaded Command Group: ['gcloud', 'recommender']
2024-02-12 19:50:06,462 DEBUG    root            No implementation for release track [GA] for element: [/tools/google-cloud-sdk/lib/surface/blockchain_node_engine]
2024-02-12 19:50:06,462 DEBUG    root            Loaded Command Group: ['gcloud', 'healthcare']
2024-02-12 19:50:06,463 DEBUG    root            Loaded Command Group: ['gcloud', 'run']
2024-02-12 19:50:06,465 DEBUG    root            No implementation for release track [GA] for element: [/tools/google-cloud-sdk/lib/surface/audit_manager]
2024-02-12 19:50:06,465 DEBUG    root            Loaded Command Group: ['gcloud', 'database_migration']
2024-02-12 19:50:06,466 DEBUG    root            Loaded Command Group: ['gcloud', 'access_context_manager']
2024-02-12 19:50:06,468 DEBUG    root            Loaded Command Group: ['gcloud', 'active_directory']
2024-02-12 19:50:06,469 DEBUG    root            No implementation for release track [GA] for element: [/tools/google-cloud-sdk/lib/surface/parallelstore]
2024-02-12 19:50:06,469 DEBUG    root            No implementation for release track [GA] for element: [/tools/google-cloud-sdk/lib/surface/orglifecycle]
2024-02-12 19:50:06,470 DEBUG    root            Loaded Command Group: ['gcloud', 'looker']
2024-02-12 19:50:06,473 DEBUG    root            Loaded Command Group: ['gcloud', 'help']
2024-02-12 19:50:06,475 DEBUG    root            Loaded Command Group: ['gcloud', 'iot']
2024-02-12 19:50:06,477 DEBUG    root            Loaded Command Group: ['gcloud', 'transfer']
2024-02-12 19:50:06,478 DEBUG    root            No implementation for release track [GA] for element: [/tools/google-cloud-sdk/lib/surface/kuberun]
2024-02-12 19:50:06,478 DEBUG    root            No implementation for release track [GA] for element: [/tools/google-cloud-sdk/lib/surface/authz_toolkit]
2024-02-12 19:50:06,479 DEBUG    root            Loaded Command Group: ['gcloud', 'tasks']
2024-02-12 19:50:06,480 DEBUG    root            No implementation for release track [GA] for element: [/tools/google-cloud-sdk/lib/surface/beyondcorp]
2024-02-12 19:50:06,498 DEBUG    root            Loaded Command Group: ['gcloud', 'ai_platform']
2024-02-12 19:50:06,500 DEBUG    root            Loaded Command Group: ['gcloud', 'network_services']
2024-02-12 19:50:06,502 DEBUG    root            Loaded Command Group: ['gcloud', 'scc']
2024-02-12 19:50:06,503 DEBUG    root            Loaded Command Group: ['gcloud', 'policy_troubleshoot']
2024-02-12 19:50:06,548 DEBUG    root            No implementation for release track [GA] for element: [/tools/google-cloud-sdk/lib/surface/interactive]
2024-02-12 19:50:06,549 DEBUG    root            Loaded Command Group: ['gcloud', 'certificate_manager']
2024-02-12 19:50:06,551 DEBUG    root            Loaded Command Group: ['gcloud', 'firestore']
2024-02-12 19:50:06,552 DEBUG    root            Loaded Command Group: ['gcloud', 'components']
2024-02-12 19:50:06,555 DEBUG    root            No implementation for release track [GA] for element: [/tools/google-cloud-sdk/lib/surface/code]
2024-02-12 19:50:06,555 DEBUG    root            Loaded Command Group: ['gcloud', 'billing']
2024-02-12 19:50:06,557 DEBUG    root            Loaded Command Group: ['gcloud', 'info']
2024-02-12 19:50:06,558 DEBUG    root            Loaded Command Group: ['gcloud', 'meta']
2024-02-12 19:50:06,560 DEBUG    root            Loaded Command Group: ['gcloud', 'api_gateway']
2024-02-12 19:50:06,564 DEBUG    root            Loaded Command Group: ['gcloud', 'iam']
2024-02-12 19:50:06,565 DEBUG    root            No implementation for release track [GA] for element: [/tools/google-cloud-sdk/lib/surface/resource_config]
2024-02-12 19:50:06,566 DEBUG    root            Loaded Command Group: ['gcloud', 'secrets']
2024-02-12 19:50:06,567 DEBUG    root            Loaded Command Group: ['gcloud', 'batch']
2024-02-12 19:50:06,568 DEBUG    root            No implementation for release track [GA] for element: [/tools/google-cloud-sdk/lib/surface/commerce_procurement]
2024-02-12 19:50:06,569 DEBUG    root            Loaded Command Group: ['gcloud', 'org_policies']
2024-02-12 19:50:06,570 DEBUG    root            Loaded Command Group: ['gcloud', 'ids']
2024-02-12 19:50:06,571 DEBUG    root            Loaded Command Group: ['gcloud', 'anthos']
2024-02-12 19:50:06,572 DEBUG    root            No implementation for release track [GA] for element: [/tools/google-cloud-sdk/lib/surface/genomics]
2024-02-12 19:50:06,573 DEBUG    root            Loaded Command Group: ['gcloud', 'ml']
2024-02-12 19:50:06,574 DEBUG    root            Loaded Command Group: ['gcloud', 'transcoder']
2024-02-12 19:50:06,576 DEBUG    root            Loaded Command Group: ['gcloud', 'functions']
2024-02-12 19:50:06,577 DEBUG    root            Loaded Command Group: ['gcloud', 'vmware']
2024-02-12 19:50:06,579 DEBUG    root            No implementation for release track [GA] for element: [/tools/google-cloud-sdk/lib/surface/trace]
2024-02-12 19:50:06,579 DEBUG    root            No implementation for release track [GA] for element: [/tools/google-cloud-sdk/lib/surface/dlp]
2024-02-12 19:50:06,579 DEBUG    root            Loaded Command Group: ['gcloud', 'privateca']
2024-02-12 19:50:06,580 DEBUG    root            Loaded Command Group: ['gcloud', 'policy_intelligence']
2024-02-12 19:50:06,582 DEBUG    root            Loaded Command Group: ['gcloud', 'eventarc']
2024-02-12 19:50:06,583 DEBUG    root            Loaded Command Group: ['gcloud', 'telco_automation']
2024-02-12 19:50:06,584 DEBUG    root            Loaded Command Group: ['gcloud', 'domains']
2024-02-12 19:50:06,585 DEBUG    root            No implementation for release track [GA] for element: [/tools/google-cloud-sdk/lib/surface/web_security_scanner]
2024-02-12 19:50:06,586 DEBUG    root            Loaded Command Group: ['gcloud', 'ml_engine']
2024-02-12 19:50:06,587 DEBUG    root            Loaded Command Group: ['gcloud', 'auth']
2024-02-12 19:50:06,588 DEBUG    root            No implementation for release track [GA] for element: [/tools/google-cloud-sdk/lib/surface/datapipelines]
2024-02-12 19:50:06,588 DEBUG    root            Loaded Command Group: ['gcloud', 'workbench']
2024-02-12 19:50:06,590 DEBUG    root            Loaded Command Group: ['gcloud', 'immersive_stream']
2024-02-12 19:50:06,591 DEBUG    root            No implementation for release track [GA] for element: [/tools/google-cloud-sdk/lib/surface/quotas]
2024-02-12 19:50:06,591 DEBUG    root            Loaded Command Group: ['gcloud', 'network_security']
2024-02-12 19:50:06,592 DEBUG    root            Loaded Command Group: ['gcloud', 'projects']
2024-02-12 19:50:06,594 DEBUG    root            Loaded Command Group: ['gcloud', 'endpoints']
2024-02-12 19:50:06,595 DEBUG    root            Loaded Command Group: ['gcloud', 'scheduler']
2024-02-12 19:50:06,597 DEBUG    root            Loaded Command Group: ['gcloud', 'deploy']
2024-02-12 19:50:06,598 DEBUG    root            Loaded Command Group: ['gcloud', 'edge_cache']
2024-02-12 19:50:06,599 DEBUG    root            Loaded Command Group: ['gcloud', 'artifacts']
2024-02-12 19:50:06,601 DEBUG    root            No implementation for release track [GA] for element: [/tools/google-cloud-sdk/lib/surface/source_manager]
2024-02-12 19:50:06,601 DEBUG    root            Loaded Command Group: ['gcloud', 'sql']
2024-02-12 19:50:06,623 DEBUG    root            Loaded Command Group: ['gcloud', 'compute']
2024-02-12 19:50:06,626 DEBUG    root            No implementation for release track [GA] for element: [/tools/google-cloud-sdk/lib/surface/media]
2024-02-12 19:50:06,626 DEBUG    root            Loaded Command Group: ['gcloud', 'firebase']
2024-02-12 19:50:06,628 DEBUG    root            Loaded Command Group: ['gcloud', 'source']
2024-02-12 19:50:06,629 DEBUG    root            Loaded Command Group: ['gcloud', 'assured']
2024-02-12 19:50:06,631 DEBUG    root            Loaded Command Group: ['gcloud', 'iap']
2024-02-12 19:50:06,640 DEBUG    root            Loaded Command Group: ['gcloud', 'storage']
2024-02-12 19:50:06,642 DEBUG    root            Loaded Command Group: ['gcloud', 'monitoring']
2024-02-12 19:50:06,644 DEBUG    root            Loaded Command Group: ['gcloud', 'cloud_shell']
2024-02-12 19:50:06,646 DEBUG    root            Loaded Command Group: ['gcloud', 'workstations']
2024-02-12 19:50:06,647 DEBUG    root            No implementation for release track [GA] for element: [/tools/google-cloud-sdk/lib/surface/spectrum_access]
2024-02-12 19:50:06,647 DEBUG    root            Loaded Command Group: ['gcloud', 'data_catalog']
2024-02-12 19:50:06,649 DEBUG    root            Loaded Command Group: ['gcloud', 'dataflow']
2024-02-12 19:50:06,650 DEBUG    root            Loaded Command Group: ['gcloud', 'edge_cloud']
2024-02-12 19:50:06,651 DEBUG    root            Loaded Command Group: ['gcloud', 'deployment_manager']
2024-02-12 19:50:06,652 DEBUG    root            Loaded Command Group: ['gcloud', 'workspace_add_ons']
2024-02-12 19:50:06,654 DEBUG    root            Loaded Command Group: ['gcloud', 'dataproc']
2024-02-12 19:50:06,655 DEBUG    root            Loaded Command Group: ['gcloud', 'resource_manager']
2024-02-12 19:50:06,656 DEBUG    root            Loaded Command Group: ['gcloud', 'filestore']
2024-02-12 19:50:06,657 DEBUG    root            Loaded Command Group: ['gcloud', 'netapp']
2024-02-12 19:50:06,658 DEBUG    root            Loaded Command Group: ['gcloud', 'app']
2024-02-12 19:50:06,660 DEBUG    root            Loaded Command Group: ['gcloud', 'emulators']
2024-02-12 19:50:06,661 DEBUG    root            Loaded Command Group: ['gcloud', 'pubsub']
2024-02-12 19:50:06,664 DEBUG    root            Loaded Command Group: ['gcloud', 'resource_settings']
2024-02-12 19:50:06,665 DEBUG    root            Loaded Command Group: ['gcloud', 'publicca']
2024-02-12 19:50:06,666 DEBUG    root            Loaded Command Group: ['gcloud', 'logging']
2024-02-12 19:50:06,668 DEBUG    root            Loaded Command Group: ['gcloud', 'apigee']
2024-02-12 19:50:06,669 DEBUG    root            Loaded Command Group: ['gcloud', 'bigtable']
2024-02-12 19:50:06,670 DEBUG    root            Loaded Command Group: ['gcloud', 'infra_manager']
2024-02-12 19:50:06,671 DEBUG    root            Loaded Command Group: ['gcloud', 'notebooks']
2024-02-12 19:50:06,673 DEBUG    root            Loaded Command Group: ['gcloud', 'access_approval']
2024-02-12 19:50:06,674 ERROR    root            (gcloud) Invalid choice: 'default'.
