2024-02-09 14:19:50,379 DEBUG    root            Loaded Command Group: ['gcloud', 'components']
2024-02-09 14:19:50,383 DEBUG    root            Loaded Command Group: ['gcloud', 'components', 'update']
2024-02-09 14:19:50,385 DEBUG    root            Running [gcloud.components.update] with arguments: [--allow-no-backup: "True", --compile-python: "True", --quiet: "True", COMPONENT-IDS:7: "['core', 'gcloud-deps', 'bq', 'gcloud', 'gcloud-crc32c', 'gsutil', 'anthoscli']"]
2024-02-09 14:19:50,386 INFO     ___FILE_ONLY___ Beginning update. This process may take several minutes.

2024-02-09 14:19:50,404 DEBUG    urllib3.connectionpool Starting new HTTPS connection (1): dl.google.com:443
2024-02-09 14:19:50,468 DEBUG    urllib3.connectionpool https://dl.google.com:443 "GET /dl/cloudsdk/channels/rapid/components-2.json HTTP/1.1" 200 214442
2024-02-09 14:19:50,481 INFO     ___FILE_ONLY___ 

2024-02-09 14:19:50,482 INFO     ___FILE_ONLY___ 
Your current Google Cloud CLI version is: 463.0.0

2024-02-09 14:19:50,482 INFO     ___FILE_ONLY___ Installing components from version: 463.0.0

2024-02-09 14:19:50,482 INFO     ___FILE_ONLY___ 

2024-02-09 14:19:50,482 DEBUG    root            Chosen display Format:table[box,title="These components will be removed."](details.display_name:label=Name:align=left,version.version_string:label=Version:align=right,data.size.size(zero="",min=1048576):label=Size:align=right)
2024-02-09 14:19:50,483 DEBUG    root            Chosen display Format:table[box,title="These components will be updated."](details.display_name:label=Name:align=left,version.version_string:label=Version:align=right,data.size.size(zero="",min=1048576):label=Size:align=right)
2024-02-09 14:19:50,484 DEBUG    root            Chosen display Format:table[box,title="These components will be installed."](details.display_name:label=Name:align=left,version.version_string:label=Version:align=right,data.size.size(zero="",min=1048576):label=Size:align=right)
2024-02-09 14:19:50,490 INFO     ___FILE_ONLY___ ┌─────────────────────────────────────────────────────────────────────────────┐
2024-02-09 14:19:50,490 INFO     ___FILE_ONLY___ 

2024-02-09 14:19:50,490 INFO     ___FILE_ONLY___ │                     These components will be installed.                     │
2024-02-09 14:19:50,490 INFO     ___FILE_ONLY___ 

2024-02-09 14:19:50,490 INFO     ___FILE_ONLY___ ├─────────────────────────────────────────────────────┬────────────┬──────────┤
2024-02-09 14:19:50,490 INFO     ___FILE_ONLY___ 

2024-02-09 14:19:50,490 INFO     ___FILE_ONLY___ │                         Name                        │  Version   │   Size   │
2024-02-09 14:19:50,490 INFO     ___FILE_ONLY___ 

2024-02-09 14:19:50,491 INFO     ___FILE_ONLY___ ├─────────────────────────────────────────────────────┼────────────┼──────────┤
2024-02-09 14:19:50,491 INFO     ___FILE_ONLY___ 

2024-02-09 14:19:50,491 INFO     ___FILE_ONLY___ │ 
2024-02-09 14:19:50,491 INFO     ___FILE_ONLY___ BigQuery Command Line Tool                         
2024-02-09 14:19:50,491 INFO     ___FILE_ONLY___  
2024-02-09 14:19:50,491 INFO     ___FILE_ONLY___ │ 
2024-02-09 14:19:50,491 INFO     ___FILE_ONLY___    2.0.101
2024-02-09 14:19:50,491 INFO     ___FILE_ONLY___  
2024-02-09 14:19:50,491 INFO     ___FILE_ONLY___ │ 
2024-02-09 14:19:50,491 INFO     ___FILE_ONLY___  1.6 MiB
2024-02-09 14:19:50,492 INFO     ___FILE_ONLY___  
2024-02-09 14:19:50,492 INFO     ___FILE_ONLY___ │
2024-02-09 14:19:50,492 INFO     ___FILE_ONLY___ 

2024-02-09 14:19:50,492 INFO     ___FILE_ONLY___ │ 
2024-02-09 14:19:50,492 INFO     ___FILE_ONLY___ BigQuery Command Line Tool (Platform Specific)     
2024-02-09 14:19:50,492 INFO     ___FILE_ONLY___  
2024-02-09 14:19:50,492 INFO     ___FILE_ONLY___ │ 
2024-02-09 14:19:50,492 INFO     ___FILE_ONLY___    2.0.101
2024-02-09 14:19:50,492 INFO     ___FILE_ONLY___  
2024-02-09 14:19:50,492 INFO     ___FILE_ONLY___ │ 
2024-02-09 14:19:50,493 INFO     ___FILE_ONLY___  < 1 MiB
2024-02-09 14:19:50,493 INFO     ___FILE_ONLY___  
2024-02-09 14:19:50,493 INFO     ___FILE_ONLY___ │
2024-02-09 14:19:50,493 INFO     ___FILE_ONLY___ 

2024-02-09 14:19:50,493 INFO     ___FILE_ONLY___ │ 
2024-02-09 14:19:50,493 INFO     ___FILE_ONLY___ Bundled Python 3.11                                
2024-02-09 14:19:50,493 INFO     ___FILE_ONLY___  
2024-02-09 14:19:50,493 INFO     ___FILE_ONLY___ │ 
2024-02-09 14:19:50,493 INFO     ___FILE_ONLY___     3.11.7
2024-02-09 14:19:50,493 INFO     ___FILE_ONLY___  
2024-02-09 14:19:50,493 INFO     ___FILE_ONLY___ │ 
2024-02-09 14:19:50,494 INFO     ___FILE_ONLY___ 73.8 MiB
2024-02-09 14:19:50,494 INFO     ___FILE_ONLY___  
2024-02-09 14:19:50,494 INFO     ___FILE_ONLY___ │
2024-02-09 14:19:50,494 INFO     ___FILE_ONLY___ 

2024-02-09 14:19:50,494 INFO     ___FILE_ONLY___ │ 
2024-02-09 14:19:50,494 INFO     ___FILE_ONLY___ Cloud Storage Command Line Tool                    
2024-02-09 14:19:50,494 INFO     ___FILE_ONLY___  
2024-02-09 14:19:50,494 INFO     ___FILE_ONLY___ │ 
2024-02-09 14:19:50,494 INFO     ___FILE_ONLY___       5.27
2024-02-09 14:19:50,494 INFO     ___FILE_ONLY___  
2024-02-09 14:19:50,495 INFO     ___FILE_ONLY___ │ 
2024-02-09 14:19:50,495 INFO     ___FILE_ONLY___ 11.3 MiB
2024-02-09 14:19:50,495 INFO     ___FILE_ONLY___  
2024-02-09 14:19:50,495 INFO     ___FILE_ONLY___ │
2024-02-09 14:19:50,495 INFO     ___FILE_ONLY___ 

2024-02-09 14:19:50,495 INFO     ___FILE_ONLY___ │ 
2024-02-09 14:19:50,495 INFO     ___FILE_ONLY___ Cloud Storage Command Line Tool (Platform Specific)
2024-02-09 14:19:50,495 INFO     ___FILE_ONLY___  
2024-02-09 14:19:50,495 INFO     ___FILE_ONLY___ │ 
2024-02-09 14:19:50,495 INFO     ___FILE_ONLY___       5.27
2024-02-09 14:19:50,496 INFO     ___FILE_ONLY___  
2024-02-09 14:19:50,496 INFO     ___FILE_ONLY___ │ 
2024-02-09 14:19:50,496 INFO     ___FILE_ONLY___  < 1 MiB
2024-02-09 14:19:50,496 INFO     ___FILE_ONLY___  
2024-02-09 14:19:50,496 INFO     ___FILE_ONLY___ │
2024-02-09 14:19:50,496 INFO     ___FILE_ONLY___ 

2024-02-09 14:19:50,496 INFO     ___FILE_ONLY___ │ 
2024-02-09 14:19:50,496 INFO     ___FILE_ONLY___ Google Cloud CLI Core Libraries (Platform Specific)
2024-02-09 14:19:50,496 INFO     ___FILE_ONLY___  
2024-02-09 14:19:50,496 INFO     ___FILE_ONLY___ │ 
2024-02-09 14:19:50,497 INFO     ___FILE_ONLY___ 2024.01.06
2024-02-09 14:19:50,497 INFO     ___FILE_ONLY___  
2024-02-09 14:19:50,497 INFO     ___FILE_ONLY___ │ 
2024-02-09 14:19:50,497 INFO     ___FILE_ONLY___  < 1 MiB
2024-02-09 14:19:50,497 INFO     ___FILE_ONLY___  
2024-02-09 14:19:50,497 INFO     ___FILE_ONLY___ │
2024-02-09 14:19:50,497 INFO     ___FILE_ONLY___ 

2024-02-09 14:19:50,497 INFO     ___FILE_ONLY___ │ 
2024-02-09 14:19:50,497 INFO     ___FILE_ONLY___ Google Cloud CRC32C Hash Tool                      
2024-02-09 14:19:50,497 INFO     ___FILE_ONLY___  
2024-02-09 14:19:50,497 INFO     ___FILE_ONLY___ │ 
2024-02-09 14:19:50,498 INFO     ___FILE_ONLY___      1.0.0
2024-02-09 14:19:50,498 INFO     ___FILE_ONLY___  
2024-02-09 14:19:50,498 INFO     ___FILE_ONLY___ │ 
2024-02-09 14:19:50,498 INFO     ___FILE_ONLY___  1.2 MiB
2024-02-09 14:19:50,498 INFO     ___FILE_ONLY___  
2024-02-09 14:19:50,498 INFO     ___FILE_ONLY___ │
2024-02-09 14:19:50,498 INFO     ___FILE_ONLY___ 

2024-02-09 14:19:50,498 INFO     ___FILE_ONLY___ │ 
2024-02-09 14:19:50,498 INFO     ___FILE_ONLY___ anthoscli                                          
2024-02-09 14:19:50,498 INFO     ___FILE_ONLY___  
2024-02-09 14:19:50,499 INFO     ___FILE_ONLY___ │ 
2024-02-09 14:19:50,499 INFO     ___FILE_ONLY___     0.2.47
2024-02-09 14:19:50,499 INFO     ___FILE_ONLY___  
2024-02-09 14:19:50,499 INFO     ___FILE_ONLY___ │ 
2024-02-09 14:19:50,499 INFO     ___FILE_ONLY___ 68.9 MiB
2024-02-09 14:19:50,499 INFO     ___FILE_ONLY___  
2024-02-09 14:19:50,499 INFO     ___FILE_ONLY___ │
2024-02-09 14:19:50,499 INFO     ___FILE_ONLY___ 

2024-02-09 14:19:50,499 INFO     ___FILE_ONLY___ │ 
2024-02-09 14:19:50,499 INFO     ___FILE_ONLY___ gcloud cli dependencies                            
2024-02-09 14:19:50,500 INFO     ___FILE_ONLY___  
2024-02-09 14:19:50,500 INFO     ___FILE_ONLY___ │ 
2024-02-09 14:19:50,500 INFO     ___FILE_ONLY___ 2021.04.16
2024-02-09 14:19:50,500 INFO     ___FILE_ONLY___  
2024-02-09 14:19:50,500 INFO     ___FILE_ONLY___ │ 
2024-02-09 14:19:50,500 INFO     ___FILE_ONLY___  < 1 MiB
2024-02-09 14:19:50,500 INFO     ___FILE_ONLY___  
2024-02-09 14:19:50,500 INFO     ___FILE_ONLY___ │
2024-02-09 14:19:50,500 INFO     ___FILE_ONLY___ 

2024-02-09 14:19:50,500 INFO     ___FILE_ONLY___ └─────────────────────────────────────────────────────┴────────────┴──────────┘
2024-02-09 14:19:50,500 INFO     ___FILE_ONLY___ 

2024-02-09 14:19:50,501 INFO     ___FILE_ONLY___ 

2024-02-09 14:19:50,504 DEBUG    urllib3.connectionpool Starting new HTTPS connection (1): dl.google.com:443
2024-02-09 14:19:50,567 DEBUG    urllib3.connectionpool https://dl.google.com:443 "GET /dl/cloudsdk/channels/rapid/RELEASE_NOTES HTTP/1.1" 200 1149781
2024-02-09 14:19:50,596 INFO     ___FILE_ONLY___ For the latest full release notes, please visit:
  https://cloud.google.com/sdk/release_notes


2024-02-09 14:19:50,599 INFO     ___FILE_ONLY___ ╔════════════════════════════════════════════════════════════╗

2024-02-09 14:19:50,599 INFO     ___FILE_ONLY___ ╠═ Creating update staging area                             ═╣

2024-02-09 14:19:50,599 INFO     ___FILE_ONLY___ ╚
2024-02-09 14:19:50,600 INFO     ___FILE_ONLY___ ══════
2024-02-09 14:19:50,600 INFO     ___FILE_ONLY___ ══════
2024-02-09 14:19:50,600 INFO     ___FILE_ONLY___ ══════
2024-02-09 14:19:50,848 INFO     ___FILE_ONLY___ ═
2024-02-09 14:19:50,905 INFO     ___FILE_ONLY___ ═
2024-02-09 14:19:50,957 INFO     ___FILE_ONLY___ ═
2024-02-09 14:19:51,015 INFO     ___FILE_ONLY___ ═
2024-02-09 14:19:51,069 INFO     ___FILE_ONLY___ ═
2024-02-09 14:19:51,120 INFO     ___FILE_ONLY___ ═
2024-02-09 14:19:51,182 INFO     ___FILE_ONLY___ ═
2024-02-09 14:19:51,248 INFO     ___FILE_ONLY___ ═
2024-02-09 14:19:51,302 INFO     ___FILE_ONLY___ ═
2024-02-09 14:19:51,359 INFO     ___FILE_ONLY___ ═
2024-02-09 14:19:51,418 INFO     ___FILE_ONLY___ ═
2024-02-09 14:19:51,477 INFO     ___FILE_ONLY___ ═
2024-02-09 14:19:51,527 INFO     ___FILE_ONLY___ ═
2024-02-09 14:19:51,582 INFO     ___FILE_ONLY___ ═
2024-02-09 14:19:51,656 INFO     ___FILE_ONLY___ ═
2024-02-09 14:19:51,754 INFO     ___FILE_ONLY___ ═
2024-02-09 14:19:51,821 INFO     ___FILE_ONLY___ ═
2024-02-09 14:19:51,869 INFO     ___FILE_ONLY___ ═
2024-02-09 14:19:51,902 INFO     ___FILE_ONLY___ ═
2024-02-09 14:19:51,933 INFO     ___FILE_ONLY___ ═
2024-02-09 14:19:51,966 INFO     ___FILE_ONLY___ ═
2024-02-09 14:19:51,997 INFO     ___FILE_ONLY___ ═
2024-02-09 14:19:52,047 INFO     ___FILE_ONLY___ ═
2024-02-09 14:19:52,076 INFO     ___FILE_ONLY___ ═
2024-02-09 14:19:52,109 INFO     ___FILE_ONLY___ ═
2024-02-09 14:19:52,142 INFO     ___FILE_ONLY___ ═
2024-02-09 14:19:52,292 INFO     ___FILE_ONLY___ ═
2024-02-09 14:19:52,341 INFO     ___FILE_ONLY___ ═
2024-02-09 14:19:52,465 INFO     ___FILE_ONLY___ ═
2024-02-09 14:19:52,513 INFO     ___FILE_ONLY___ ═
2024-02-09 14:19:52,565 INFO     ___FILE_ONLY___ ═
2024-02-09 14:19:52,605 INFO     ___FILE_ONLY___ ═
2024-02-09 14:19:52,652 INFO     ___FILE_ONLY___ ═
2024-02-09 14:19:52,702 INFO     ___FILE_ONLY___ ═
2024-02-09 14:19:52,753 INFO     ___FILE_ONLY___ ═
2024-02-09 14:19:52,801 INFO     ___FILE_ONLY___ ═
2024-02-09 14:19:52,849 INFO     ___FILE_ONLY___ ═
2024-02-09 14:19:52,895 INFO     ___FILE_ONLY___ ═
2024-02-09 14:19:52,940 INFO     ___FILE_ONLY___ ═
2024-02-09 14:19:52,987 INFO     ___FILE_ONLY___ ═
2024-02-09 14:19:53,049 INFO     ___FILE_ONLY___ ═
2024-02-09 14:19:53,096 INFO     ___FILE_ONLY___ ═
2024-02-09 14:19:53,096 INFO     ___FILE_ONLY___ ╝

2024-02-09 14:19:53,253 INFO     ___FILE_ONLY___ ╔════════════════════════════════════════════════════════════╗

2024-02-09 14:19:53,253 INFO     ___FILE_ONLY___ ╠═ Installing: BigQuery Command Line Tool                   ═╣

2024-02-09 14:19:53,253 INFO     ___FILE_ONLY___ ╚
2024-02-09 14:19:53,257 DEBUG    urllib3.connectionpool Starting new HTTPS connection (1): dl.google.com:443
2024-02-09 14:19:53,322 DEBUG    urllib3.connectionpool https://dl.google.com:443 "GET /dl/cloudsdk/channels/rapid/components/google-cloud-sdk-bq-20240112150613.tar.gz HTTP/1.1" 200 1679148
2024-02-09 14:19:53,335 INFO     ___FILE_ONLY___ ═
2024-02-09 14:19:53,335 INFO     ___FILE_ONLY___ ═
2024-02-09 14:19:53,335 INFO     ___FILE_ONLY___ ═
2024-02-09 14:19:53,335 INFO     ___FILE_ONLY___ ═
2024-02-09 14:19:53,336 INFO     ___FILE_ONLY___ ═
2024-02-09 14:19:53,336 INFO     ___FILE_ONLY___ ═
2024-02-09 14:19:53,336 INFO     ___FILE_ONLY___ ═
2024-02-09 14:19:53,336 INFO     ___FILE_ONLY___ ═
2024-02-09 14:19:53,336 INFO     ___FILE_ONLY___ ═
2024-02-09 14:19:53,336 INFO     ___FILE_ONLY___ ═
2024-02-09 14:19:53,336 INFO     ___FILE_ONLY___ ═
2024-02-09 14:19:53,336 INFO     ___FILE_ONLY___ ═
2024-02-09 14:19:53,337 INFO     ___FILE_ONLY___ ═
2024-02-09 14:19:53,337 INFO     ___FILE_ONLY___ ═
2024-02-09 14:19:53,337 INFO     ___FILE_ONLY___ ═
2024-02-09 14:19:53,337 INFO     ___FILE_ONLY___ ═
2024-02-09 14:19:53,337 INFO     ___FILE_ONLY___ ═
2024-02-09 14:19:53,337 INFO     ___FILE_ONLY___ ═
2024-02-09 14:19:53,337 INFO     ___FILE_ONLY___ ═
2024-02-09 14:19:53,337 INFO     ___FILE_ONLY___ ═
2024-02-09 14:19:53,338 INFO     ___FILE_ONLY___ ═
2024-02-09 14:19:53,338 INFO     ___FILE_ONLY___ ═
2024-02-09 14:19:53,338 INFO     ___FILE_ONLY___ ═
2024-02-09 14:19:53,338 INFO     ___FILE_ONLY___ ═
2024-02-09 14:19:53,338 INFO     ___FILE_ONLY___ ═
2024-02-09 14:19:53,338 INFO     ___FILE_ONLY___ ═
2024-02-09 14:19:53,338 INFO     ___FILE_ONLY___ ═
2024-02-09 14:19:53,338 INFO     ___FILE_ONLY___ ═
2024-02-09 14:19:53,339 INFO     ___FILE_ONLY___ ═
2024-02-09 14:19:53,339 INFO     ___FILE_ONLY___ ═
2024-02-09 14:19:53,454 INFO     ___FILE_ONLY___ ═
2024-02-09 14:19:53,457 INFO     ___FILE_ONLY___ ═
2024-02-09 14:19:53,461 INFO     ___FILE_ONLY___ ═
2024-02-09 14:19:53,465 INFO     ___FILE_ONLY___ ═
2024-02-09 14:19:53,468 INFO     ___FILE_ONLY___ ═
2024-02-09 14:19:53,472 INFO     ___FILE_ONLY___ ═
2024-02-09 14:19:53,477 INFO     ___FILE_ONLY___ ═
2024-02-09 14:19:53,480 INFO     ___FILE_ONLY___ ═
2024-02-09 14:19:53,484 INFO     ___FILE_ONLY___ ═
2024-02-09 14:19:53,487 INFO     ___FILE_ONLY___ ═
2024-02-09 14:19:53,491 INFO     ___FILE_ONLY___ ═
2024-02-09 14:19:53,494 INFO     ___FILE_ONLY___ ═
2024-02-09 14:19:53,500 INFO     ___FILE_ONLY___ ═
2024-02-09 14:19:53,503 INFO     ___FILE_ONLY___ ═
2024-02-09 14:19:53,506 INFO     ___FILE_ONLY___ ═
2024-02-09 14:19:53,510 INFO     ___FILE_ONLY___ ═
2024-02-09 14:19:53,514 INFO     ___FILE_ONLY___ ═
2024-02-09 14:19:53,518 INFO     ___FILE_ONLY___ ═
2024-02-09 14:19:53,523 INFO     ___FILE_ONLY___ ═
2024-02-09 14:19:53,527 INFO     ___FILE_ONLY___ ═
2024-02-09 14:19:53,531 INFO     ___FILE_ONLY___ ═
2024-02-09 14:19:53,537 INFO     ___FILE_ONLY___ ═
2024-02-09 14:19:53,544 INFO     ___FILE_ONLY___ ═
2024-02-09 14:19:53,547 INFO     ___FILE_ONLY___ ═
2024-02-09 14:19:53,550 INFO     ___FILE_ONLY___ ═
2024-02-09 14:19:53,554 INFO     ___FILE_ONLY___ ═
2024-02-09 14:19:53,558 INFO     ___FILE_ONLY___ ═
2024-02-09 14:19:53,562 INFO     ___FILE_ONLY___ ═
2024-02-09 14:19:53,565 INFO     ___FILE_ONLY___ ═
2024-02-09 14:19:53,569 INFO     ___FILE_ONLY___ ═
2024-02-09 14:19:53,569 INFO     ___FILE_ONLY___ ╝

2024-02-09 14:19:53,583 INFO     ___FILE_ONLY___ ╔════════════════════════════════════════════════════════════╗

2024-02-09 14:19:53,583 INFO     ___FILE_ONLY___ ╠═ Installing: BigQuery Command Line Tool (Platform Spec... ═╣

2024-02-09 14:19:53,583 INFO     ___FILE_ONLY___ ╚
2024-02-09 14:19:53,587 DEBUG    urllib3.connectionpool Starting new HTTPS connection (1): dl.google.com:443
2024-02-09 14:19:53,649 DEBUG    urllib3.connectionpool https://dl.google.com:443 "GET /dl/cloudsdk/channels/rapid/components/google-cloud-sdk-bq-nix-20240106004423.tar.gz HTTP/1.1" 200 2026
2024-02-09 14:19:53,650 INFO     ___FILE_ONLY___ ══════════════════════════════
2024-02-09 14:19:53,651 INFO     ___FILE_ONLY___ ══════════════════════════════
2024-02-09 14:19:53,651 INFO     ___FILE_ONLY___ ╝

2024-02-09 14:19:53,689 INFO     ___FILE_ONLY___ ╔════════════════════════════════════════════════════════════╗

2024-02-09 14:19:53,689 INFO     ___FILE_ONLY___ ╠═ Installing: Bundled Python 3.11                          ═╣

2024-02-09 14:19:53,689 INFO     ___FILE_ONLY___ ╚
2024-02-09 14:19:53,693 DEBUG    urllib3.connectionpool Starting new HTTPS connection (1): dl.google.com:443
2024-02-09 14:19:53,758 DEBUG    urllib3.connectionpool https://dl.google.com:443 "GET /dl/cloudsdk/channels/rapid/components/google-cloud-sdk-bundled-python3-unix-linux-x86_64-20240129164525.tar.gz HTTP/1.1" 200 77407886
2024-02-09 14:19:54,014 INFO     ___FILE_ONLY___ ═
2024-02-09 14:19:54,016 INFO     ___FILE_ONLY___ ═
2024-02-09 14:19:54,019 INFO     ___FILE_ONLY___ ═
2024-02-09 14:19:54,022 INFO     ___FILE_ONLY___ ═
2024-02-09 14:19:54,025 INFO     ___FILE_ONLY___ ═
2024-02-09 14:19:54,027 INFO     ___FILE_ONLY___ ═
2024-02-09 14:19:54,030 INFO     ___FILE_ONLY___ ═
2024-02-09 14:19:54,033 INFO     ___FILE_ONLY___ ═
2024-02-09 14:19:54,036 INFO     ___FILE_ONLY___ ═
2024-02-09 14:19:54,038 INFO     ___FILE_ONLY___ ═
2024-02-09 14:19:54,041 INFO     ___FILE_ONLY___ ═
2024-02-09 14:19:54,044 INFO     ___FILE_ONLY___ ═
2024-02-09 14:19:54,046 INFO     ___FILE_ONLY___ ═
2024-02-09 14:19:54,049 INFO     ___FILE_ONLY___ ═
2024-02-09 14:19:54,052 INFO     ___FILE_ONLY___ ═
2024-02-09 14:19:54,054 INFO     ___FILE_ONLY___ ═
2024-02-09 14:19:54,057 INFO     ___FILE_ONLY___ ═
2024-02-09 14:19:54,060 INFO     ___FILE_ONLY___ ═
2024-02-09 14:19:54,062 INFO     ___FILE_ONLY___ ═
2024-02-09 14:19:54,065 INFO     ___FILE_ONLY___ ═
2024-02-09 14:19:54,068 INFO     ___FILE_ONLY___ ═
2024-02-09 14:19:54,070 INFO     ___FILE_ONLY___ ═
2024-02-09 14:19:54,073 INFO     ___FILE_ONLY___ ═
2024-02-09 14:19:54,076 INFO     ___FILE_ONLY___ ═
2024-02-09 14:19:54,078 INFO     ___FILE_ONLY___ ═
2024-02-09 14:19:54,081 INFO     ___FILE_ONLY___ ═
2024-02-09 14:19:54,084 INFO     ___FILE_ONLY___ ═
2024-02-09 14:19:54,086 INFO     ___FILE_ONLY___ ═
2024-02-09 14:19:54,089 INFO     ___FILE_ONLY___ ═
2024-02-09 14:19:54,092 INFO     ___FILE_ONLY___ ═
2024-02-09 14:19:56,246 INFO     ___FILE_ONLY___ ═
2024-02-09 14:19:56,267 INFO     ___FILE_ONLY___ ═
2024-02-09 14:19:56,281 INFO     ___FILE_ONLY___ ═
2024-02-09 14:19:56,296 INFO     ___FILE_ONLY___ ═
2024-02-09 14:19:56,314 INFO     ___FILE_ONLY___ ═
2024-02-09 14:19:56,332 INFO     ___FILE_ONLY___ ═
2024-02-09 14:19:56,357 INFO     ___FILE_ONLY___ ═
2024-02-09 14:19:56,376 INFO     ___FILE_ONLY___ ═
2024-02-09 14:19:56,394 INFO     ___FILE_ONLY___ ═
2024-02-09 14:19:56,412 INFO     ___FILE_ONLY___ ═
2024-02-09 14:19:56,538 INFO     ___FILE_ONLY___ ═
2024-02-09 14:19:56,553 INFO     ___FILE_ONLY___ ═
2024-02-09 14:19:56,667 INFO     ___FILE_ONLY___ ═
2024-02-09 14:19:56,682 INFO     ___FILE_ONLY___ ═
2024-02-09 14:19:56,698 INFO     ___FILE_ONLY___ ═
2024-02-09 14:19:56,716 INFO     ___FILE_ONLY___ ═
2024-02-09 14:19:56,732 INFO     ___FILE_ONLY___ ═
2024-02-09 14:19:56,748 INFO     ___FILE_ONLY___ ═
2024-02-09 14:19:56,769 INFO     ___FILE_ONLY___ ═
2024-02-09 14:19:56,790 INFO     ___FILE_ONLY___ ═
2024-02-09 14:19:56,830 INFO     ___FILE_ONLY___ ═
2024-02-09 14:19:56,846 INFO     ___FILE_ONLY___ ═
2024-02-09 14:19:56,861 INFO     ___FILE_ONLY___ ═
2024-02-09 14:19:56,881 INFO     ___FILE_ONLY___ ═
2024-02-09 14:19:56,901 INFO     ___FILE_ONLY___ ═
2024-02-09 14:19:56,922 INFO     ___FILE_ONLY___ ═
2024-02-09 14:19:56,945 INFO     ___FILE_ONLY___ ═
2024-02-09 14:19:58,006 INFO     ___FILE_ONLY___ ═
2024-02-09 14:19:58,019 INFO     ___FILE_ONLY___ ═
2024-02-09 14:19:58,031 INFO     ___FILE_ONLY___ ═
2024-02-09 14:19:58,031 INFO     ___FILE_ONLY___ ╝

2024-02-09 14:19:58,080 INFO     ___FILE_ONLY___ ╔════════════════════════════════════════════════════════════╗

2024-02-09 14:19:58,081 INFO     ___FILE_ONLY___ ╠═ Installing: Bundled Python 3.11                          ═╣

2024-02-09 14:19:58,081 INFO     ___FILE_ONLY___ ╚
2024-02-09 14:19:58,085 INFO     ___FILE_ONLY___ ════════════════════════════════════════════════════════════
2024-02-09 14:19:58,085 INFO     ___FILE_ONLY___ ╝

2024-02-09 14:19:58,087 INFO     ___FILE_ONLY___ ╔════════════════════════════════════════════════════════════╗

2024-02-09 14:19:58,087 INFO     ___FILE_ONLY___ ╠═ Installing: Cloud Storage Command Line Tool              ═╣

2024-02-09 14:19:58,087 INFO     ___FILE_ONLY___ ╚
2024-02-09 14:19:58,090 DEBUG    urllib3.connectionpool Starting new HTTPS connection (1): dl.google.com:443
2024-02-09 14:19:58,153 DEBUG    urllib3.connectionpool https://dl.google.com:443 "GET /dl/cloudsdk/channels/rapid/components/google-cloud-sdk-gsutil-20231025210228.tar.gz HTTP/1.1" 200 11833901
2024-02-09 14:19:58,190 INFO     ___FILE_ONLY___ ═
2024-02-09 14:19:58,191 INFO     ___FILE_ONLY___ ═
2024-02-09 14:19:58,191 INFO     ___FILE_ONLY___ ═
2024-02-09 14:19:58,192 INFO     ___FILE_ONLY___ ═
2024-02-09 14:19:58,192 INFO     ___FILE_ONLY___ ═
2024-02-09 14:19:58,193 INFO     ___FILE_ONLY___ ═
2024-02-09 14:19:58,193 INFO     ___FILE_ONLY___ ═
2024-02-09 14:19:58,194 INFO     ___FILE_ONLY___ ═
2024-02-09 14:19:58,194 INFO     ___FILE_ONLY___ ═
2024-02-09 14:19:58,195 INFO     ___FILE_ONLY___ ═
2024-02-09 14:19:58,195 INFO     ___FILE_ONLY___ ═
2024-02-09 14:19:58,196 INFO     ___FILE_ONLY___ ═
2024-02-09 14:19:58,196 INFO     ___FILE_ONLY___ ═
2024-02-09 14:19:58,197 INFO     ___FILE_ONLY___ ═
2024-02-09 14:19:58,197 INFO     ___FILE_ONLY___ ═
2024-02-09 14:19:58,198 INFO     ___FILE_ONLY___ ═
2024-02-09 14:19:58,198 INFO     ___FILE_ONLY___ ═
2024-02-09 14:19:58,199 INFO     ___FILE_ONLY___ ═
2024-02-09 14:19:58,199 INFO     ___FILE_ONLY___ ═
2024-02-09 14:19:58,200 INFO     ___FILE_ONLY___ ═
2024-02-09 14:19:58,200 INFO     ___FILE_ONLY___ ═
2024-02-09 14:19:58,201 INFO     ___FILE_ONLY___ ═
2024-02-09 14:19:58,201 INFO     ___FILE_ONLY___ ═
2024-02-09 14:19:58,202 INFO     ___FILE_ONLY___ ═
2024-02-09 14:19:58,202 INFO     ___FILE_ONLY___ ═
2024-02-09 14:19:58,203 INFO     ___FILE_ONLY___ ═
2024-02-09 14:19:58,203 INFO     ___FILE_ONLY___ ═
2024-02-09 14:19:58,204 INFO     ___FILE_ONLY___ ═
2024-02-09 14:19:58,204 INFO     ___FILE_ONLY___ ═
2024-02-09 14:19:58,204 INFO     ___FILE_ONLY___ ═
2024-02-09 14:19:58,889 INFO     ___FILE_ONLY___ ═
2024-02-09 14:19:58,925 INFO     ___FILE_ONLY___ ═
2024-02-09 14:19:58,952 INFO     ___FILE_ONLY___ ═
2024-02-09 14:19:58,980 INFO     ___FILE_ONLY___ ═
2024-02-09 14:19:59,005 INFO     ___FILE_ONLY___ ═
2024-02-09 14:19:59,031 INFO     ___FILE_ONLY___ ═
2024-02-09 14:19:59,050 INFO     ___FILE_ONLY___ ═
2024-02-09 14:19:59,067 INFO     ___FILE_ONLY___ ═
2024-02-09 14:19:59,088 INFO     ___FILE_ONLY___ ═
2024-02-09 14:19:59,107 INFO     ___FILE_ONLY___ ═
2024-02-09 14:19:59,128 INFO     ___FILE_ONLY___ ═
2024-02-09 14:19:59,147 INFO     ___FILE_ONLY___ ═
2024-02-09 14:19:59,177 INFO     ___FILE_ONLY___ ═
2024-02-09 14:19:59,199 INFO     ___FILE_ONLY___ ═
2024-02-09 14:19:59,230 INFO     ___FILE_ONLY___ ═
2024-02-09 14:19:59,258 INFO     ___FILE_ONLY___ ═
2024-02-09 14:19:59,286 INFO     ___FILE_ONLY___ ═
2024-02-09 14:19:59,315 INFO     ___FILE_ONLY___ ═
2024-02-09 14:19:59,334 INFO     ___FILE_ONLY___ ═
2024-02-09 14:19:59,357 INFO     ___FILE_ONLY___ ═
2024-02-09 14:19:59,378 INFO     ___FILE_ONLY___ ═
2024-02-09 14:19:59,398 INFO     ___FILE_ONLY___ ═
2024-02-09 14:19:59,420 INFO     ___FILE_ONLY___ ═
2024-02-09 14:19:59,442 INFO     ___FILE_ONLY___ ═
2024-02-09 14:19:59,461 INFO     ___FILE_ONLY___ ═
2024-02-09 14:19:59,508 INFO     ___FILE_ONLY___ ═
2024-02-09 14:19:59,533 INFO     ___FILE_ONLY___ ═
2024-02-09 14:19:59,559 INFO     ___FILE_ONLY___ ═
2024-02-09 14:19:59,586 INFO     ___FILE_ONLY___ ═
2024-02-09 14:19:59,606 INFO     ___FILE_ONLY___ ═
2024-02-09 14:19:59,606 INFO     ___FILE_ONLY___ ╝

2024-02-09 14:19:59,658 INFO     ___FILE_ONLY___ ╔════════════════════════════════════════════════════════════╗

2024-02-09 14:19:59,659 INFO     ___FILE_ONLY___ ╠═ Installing: Cloud Storage Command Line Tool (Platform... ═╣

2024-02-09 14:19:59,659 INFO     ___FILE_ONLY___ ╚
2024-02-09 14:19:59,662 DEBUG    urllib3.connectionpool Starting new HTTPS connection (1): dl.google.com:443
2024-02-09 14:19:59,724 DEBUG    urllib3.connectionpool https://dl.google.com:443 "GET /dl/cloudsdk/channels/rapid/components/google-cloud-sdk-gsutil-nix-20240106004423.tar.gz HTTP/1.1" 200 2042
2024-02-09 14:19:59,725 INFO     ___FILE_ONLY___ ══════════════════════════════
2024-02-09 14:19:59,726 INFO     ___FILE_ONLY___ ══════════════════════════════
2024-02-09 14:19:59,726 INFO     ___FILE_ONLY___ ╝

2024-02-09 14:19:59,733 INFO     ___FILE_ONLY___ ╔════════════════════════════════════════════════════════════╗

2024-02-09 14:19:59,734 INFO     ___FILE_ONLY___ ╠═ Installing: Default set of gcloud commands               ═╣

2024-02-09 14:19:59,734 INFO     ___FILE_ONLY___ ╚
2024-02-09 14:19:59,738 INFO     ___FILE_ONLY___ ════════════════════════════════════════════════════════════
2024-02-09 14:19:59,738 INFO     ___FILE_ONLY___ ╝

2024-02-09 14:19:59,740 INFO     ___FILE_ONLY___ ╔════════════════════════════════════════════════════════════╗

2024-02-09 14:19:59,740 INFO     ___FILE_ONLY___ ╠═ Installing: Google Cloud CLI Core Libraries (Platform... ═╣

2024-02-09 14:19:59,740 INFO     ___FILE_ONLY___ ╚
2024-02-09 14:19:59,743 DEBUG    urllib3.connectionpool Starting new HTTPS connection (1): dl.google.com:443
2024-02-09 14:19:59,805 DEBUG    urllib3.connectionpool https://dl.google.com:443 "GET /dl/cloudsdk/channels/rapid/components/google-cloud-sdk-core-nix-20240106004423.tar.gz HTTP/1.1" 200 2410
2024-02-09 14:19:59,805 INFO     ___FILE_ONLY___ ══════════════════════════════
2024-02-09 14:19:59,806 INFO     ___FILE_ONLY___ ═══════════════
2024-02-09 14:19:59,807 INFO     ___FILE_ONLY___ ═══════════════
2024-02-09 14:19:59,807 INFO     ___FILE_ONLY___ ╝

2024-02-09 14:19:59,814 INFO     ___FILE_ONLY___ ╔════════════════════════════════════════════════════════════╗

2024-02-09 14:19:59,814 INFO     ___FILE_ONLY___ ╠═ Installing: Google Cloud CRC32C Hash Tool                ═╣

2024-02-09 14:19:59,814 INFO     ___FILE_ONLY___ ╚
2024-02-09 14:19:59,818 DEBUG    urllib3.connectionpool Starting new HTTPS connection (1): dl.google.com:443
2024-02-09 14:19:59,880 DEBUG    urllib3.connectionpool https://dl.google.com:443 "GET /dl/cloudsdk/channels/rapid/components/google-cloud-sdk-gcloud-crc32c-linux-x86_64-20231215195722.tar.gz HTTP/1.1" 200 1287877
2024-02-09 14:19:59,888 INFO     ___FILE_ONLY___ ═
2024-02-09 14:19:59,889 INFO     ___FILE_ONLY___ ═
2024-02-09 14:19:59,889 INFO     ___FILE_ONLY___ ═
2024-02-09 14:19:59,889 INFO     ___FILE_ONLY___ ═
2024-02-09 14:19:59,889 INFO     ___FILE_ONLY___ ═
2024-02-09 14:19:59,889 INFO     ___FILE_ONLY___ ═
2024-02-09 14:19:59,889 INFO     ___FILE_ONLY___ ═
2024-02-09 14:19:59,889 INFO     ___FILE_ONLY___ ═
2024-02-09 14:19:59,890 INFO     ___FILE_ONLY___ ═
2024-02-09 14:19:59,890 INFO     ___FILE_ONLY___ ═
2024-02-09 14:19:59,890 INFO     ___FILE_ONLY___ ═
2024-02-09 14:19:59,890 INFO     ___FILE_ONLY___ ═
2024-02-09 14:19:59,890 INFO     ___FILE_ONLY___ ═
2024-02-09 14:19:59,890 INFO     ___FILE_ONLY___ ═
2024-02-09 14:19:59,890 INFO     ___FILE_ONLY___ ═
2024-02-09 14:19:59,890 INFO     ___FILE_ONLY___ ═
2024-02-09 14:19:59,890 INFO     ___FILE_ONLY___ ═
2024-02-09 14:19:59,891 INFO     ___FILE_ONLY___ ═
2024-02-09 14:19:59,891 INFO     ___FILE_ONLY___ ═
2024-02-09 14:19:59,891 INFO     ___FILE_ONLY___ ═
2024-02-09 14:19:59,891 INFO     ___FILE_ONLY___ ═
2024-02-09 14:19:59,891 INFO     ___FILE_ONLY___ ═
2024-02-09 14:19:59,891 INFO     ___FILE_ONLY___ ═
2024-02-09 14:19:59,891 INFO     ___FILE_ONLY___ ═
2024-02-09 14:19:59,891 INFO     ___FILE_ONLY___ ═
2024-02-09 14:19:59,891 INFO     ___FILE_ONLY___ ═
2024-02-09 14:19:59,892 INFO     ___FILE_ONLY___ ═
2024-02-09 14:19:59,892 INFO     ___FILE_ONLY___ ═
2024-02-09 14:19:59,892 INFO     ___FILE_ONLY___ ═
2024-02-09 14:19:59,892 INFO     ___FILE_ONLY___ ═
2024-02-09 14:19:59,925 INFO     ___FILE_ONLY___ ═══════════════
2024-02-09 14:19:59,925 INFO     ___FILE_ONLY___ ═══════════════
2024-02-09 14:19:59,926 INFO     ___FILE_ONLY___ ╝

2024-02-09 14:19:59,933 INFO     ___FILE_ONLY___ ╔════════════════════════════════════════════════════════════╗

2024-02-09 14:19:59,933 INFO     ___FILE_ONLY___ ╠═ Installing: Google Cloud CRC32C Hash Tool                ═╣

2024-02-09 14:19:59,934 INFO     ___FILE_ONLY___ ╚
2024-02-09 14:19:59,938 INFO     ___FILE_ONLY___ ════════════════════════════════════════════════════════════
2024-02-09 14:19:59,938 INFO     ___FILE_ONLY___ ╝

2024-02-09 14:19:59,939 INFO     ___FILE_ONLY___ ╔════════════════════════════════════════════════════════════╗

2024-02-09 14:19:59,939 INFO     ___FILE_ONLY___ ╠═ Installing: anthoscli                                    ═╣

2024-02-09 14:19:59,940 INFO     ___FILE_ONLY___ ╚
2024-02-09 14:19:59,943 DEBUG    urllib3.connectionpool Starting new HTTPS connection (1): dl.google.com:443
2024-02-09 14:20:00,006 DEBUG    urllib3.connectionpool https://dl.google.com:443 "GET /dl/cloudsdk/channels/rapid/components/google-cloud-sdk-anthoscli-linux-x86_64-20240106004423.tar.gz HTTP/1.1" 200 72239870
2024-02-09 14:20:00,230 INFO     ___FILE_ONLY___ ═
2024-02-09 14:20:00,232 INFO     ___FILE_ONLY___ ═
2024-02-09 14:20:00,235 INFO     ___FILE_ONLY___ ═
2024-02-09 14:20:00,237 INFO     ___FILE_ONLY___ ═
2024-02-09 14:20:00,240 INFO     ___FILE_ONLY___ ═
2024-02-09 14:20:00,242 INFO     ___FILE_ONLY___ ═
2024-02-09 14:20:00,245 INFO     ___FILE_ONLY___ ═
2024-02-09 14:20:00,247 INFO     ___FILE_ONLY___ ═
2024-02-09 14:20:00,250 INFO     ___FILE_ONLY___ ═
2024-02-09 14:20:00,252 INFO     ___FILE_ONLY___ ═
2024-02-09 14:20:00,255 INFO     ___FILE_ONLY___ ═
2024-02-09 14:20:00,257 INFO     ___FILE_ONLY___ ═
2024-02-09 14:20:00,260 INFO     ___FILE_ONLY___ ═
2024-02-09 14:20:00,262 INFO     ___FILE_ONLY___ ═
2024-02-09 14:20:00,265 INFO     ___FILE_ONLY___ ═
2024-02-09 14:20:00,267 INFO     ___FILE_ONLY___ ═
2024-02-09 14:20:00,270 INFO     ___FILE_ONLY___ ═
2024-02-09 14:20:00,272 INFO     ___FILE_ONLY___ ═
2024-02-09 14:20:00,275 INFO     ___FILE_ONLY___ ═
2024-02-09 14:20:00,277 INFO     ___FILE_ONLY___ ═
2024-02-09 14:20:00,280 INFO     ___FILE_ONLY___ ═
2024-02-09 14:20:00,282 INFO     ___FILE_ONLY___ ═
2024-02-09 14:20:00,285 INFO     ___FILE_ONLY___ ═
2024-02-09 14:20:00,287 INFO     ___FILE_ONLY___ ═
2024-02-09 14:20:00,290 INFO     ___FILE_ONLY___ ═
2024-02-09 14:20:00,292 INFO     ___FILE_ONLY___ ═
2024-02-09 14:20:00,294 INFO     ___FILE_ONLY___ ═
2024-02-09 14:20:00,297 INFO     ___FILE_ONLY___ ═
2024-02-09 14:20:00,299 INFO     ___FILE_ONLY___ ═
2024-02-09 14:20:00,302 INFO     ___FILE_ONLY___ ═
2024-02-09 14:20:02,479 INFO     ___FILE_ONLY___ ══════════
2024-02-09 14:20:02,484 INFO     ___FILE_ONLY___ ═════════
2024-02-09 14:20:02,510 INFO     ___FILE_ONLY___ ═══════════
2024-02-09 14:20:02,510 INFO     ___FILE_ONLY___ ╝

2024-02-09 14:20:02,530 INFO     ___FILE_ONLY___ ╔════════════════════════════════════════════════════════════╗

2024-02-09 14:20:02,531 INFO     ___FILE_ONLY___ ╠═ Installing: anthoscli                                    ═╣

2024-02-09 14:20:02,531 INFO     ___FILE_ONLY___ ╚
2024-02-09 14:20:02,535 INFO     ___FILE_ONLY___ ════════════════════════════════════════════════════════════
2024-02-09 14:20:02,535 INFO     ___FILE_ONLY___ ╝

2024-02-09 14:20:02,537 INFO     ___FILE_ONLY___ ╔════════════════════════════════════════════════════════════╗

2024-02-09 14:20:02,537 INFO     ___FILE_ONLY___ ╠═ Installing: gcloud cli dependencies                      ═╣

2024-02-09 14:20:02,537 INFO     ___FILE_ONLY___ ╚
2024-02-09 14:20:02,541 DEBUG    urllib3.connectionpool Starting new HTTPS connection (1): dl.google.com:443
2024-02-09 14:20:02,602 DEBUG    urllib3.connectionpool https://dl.google.com:443 "GET /dl/cloudsdk/channels/rapid/components/google-cloud-sdk-gcloud-deps-linux-x86_64-20210416153011.tar.gz HTTP/1.1" 200 104
2024-02-09 14:20:02,603 INFO     ___FILE_ONLY___ ══════════════════════════════
2024-02-09 14:20:02,603 INFO     ___FILE_ONLY___ ══════════════════════════════
2024-02-09 14:20:02,603 INFO     ___FILE_ONLY___ ╝

2024-02-09 14:20:02,610 INFO     ___FILE_ONLY___ ╔════════════════════════════════════════════════════════════╗

2024-02-09 14:20:02,611 INFO     ___FILE_ONLY___ ╠═ Creating backup and activating new installation          ═╣

2024-02-09 14:20:02,611 INFO     ___FILE_ONLY___ ╚
2024-02-09 14:20:02,611 DEBUG    root            Attempting to move directory [/tools/google-cloud-sdk] to [/tools/google-cloud-sdk.staging/.install/.backup]
2024-02-09 14:20:02,611 INFO     ___FILE_ONLY___ ══════════════════════════════
2024-02-09 14:20:02,611 DEBUG    root            Attempting to move directory [/tools/google-cloud-sdk.staging] to [/tools/google-cloud-sdk]
2024-02-09 14:20:02,611 INFO     ___FILE_ONLY___ ══════════════════════════════
2024-02-09 14:20:02,611 INFO     ___FILE_ONLY___ ╝

2024-02-09 14:20:02,615 DEBUG    root            Updating notification cache...
2024-02-09 14:20:02,615 INFO     ___FILE_ONLY___ 

2024-02-09 14:20:02,617 INFO     ___FILE_ONLY___ Performing post processing steps...
2024-02-09 14:20:02,617 DEBUG    root            Executing command: ['python3', '-S', '/tools/google-cloud-sdk/lib/gcloud.py', 'components', 'post-process']
2024-02-09 14:20:11,093 DEBUG    ___FILE_ONLY___ 
2024-02-09 14:20:11,094 DEBUG    ___FILE_ONLY___ 
2024-02-09 14:20:11,129 INFO     ___FILE_ONLY___ 
Update done!


2024-02-09 14:20:11,132 DEBUG    root            Chosen display Format:none
2024-02-09 14:20:11,133 INFO     root            Display format: "none"
